<?xml version="1.0" encoding="UTF-8"?>
<!-- Generated by org.testng.reporters.JUnitReportReporter -->
<testsuite hostname="LAPTOP-2C2ELHAC" name="com.ebank.TestCases.TC_LoginTest_001" tests="1" failures="0" timestamp="8 Oct 2021 17:11:18 GMT" time="11.676" errors="0">
  <testcase name="loginTest" time="11.676" classname="com.ebank.TestCases.TC_LoginTest_001"/>
</testsuite> <!-- com.ebank.TestCases.TC_LoginTest_001 -->
