<?xml version="1.0" encoding="UTF-8"?>
<!-- Generated by org.testng.reporters.JUnitReportReporter -->
<testsuite skipped="0" hostname="LAPTOP-2C2ELHAC" name="com.ebank.TestCases.TC_LoginTest_001" tests="1" failures="0" timestamp="2021-10-08T23:50:28 IST" time="25.080" errors="0">
  <testcase name="loginTest" time="25.080" classname="com.ebank.TestCases.TC_LoginTest_001"/>
  <system-out/>
</testsuite> <!-- com.ebank.TestCases.TC_LoginTest_001 -->
